<?xml version="1.0" encoding="UTF-8"?>
<testsuite name="org.springframework.samples.petclinic.service.ClinicServiceTests" tests="10" skipped="0" failures="0" errors="0" timestamp="2023-02-16T13:35:38" hostname="ip-172-31-31-187" time="0.565">
  <properties/>
  <testcase name="shouldFindVets()" classname="org.springframework.samples.petclinic.service.ClinicServiceTests" time="0.057"/>
  <testcase name="shouldFindOwnersByLastName()" classname="org.springframework.samples.petclinic.service.ClinicServiceTests" time="0.076"/>
  <testcase name="shouldAddNewVisitForPet()" classname="org.springframework.samples.petclinic.service.ClinicServiceTests" time="0.094"/>
  <testcase name="shouldUpdateOwner()" classname="org.springframework.samples.petclinic.service.ClinicServiceTests" time="0.065"/>
  <testcase name="shouldFindVisitsByPetId()" classname="org.springframework.samples.petclinic.service.ClinicServiceTests" time="0.039"/>
  <testcase name="shouldInsertPetIntoDatabaseAndGenerateId()" classname="org.springframework.samples.petclinic.service.ClinicServiceTests" time="0.075"/>
  <testcase name="shouldInsertOwner()" classname="org.springframework.samples.petclinic.service.ClinicServiceTests" time="0.028"/>
  <testcase name="shouldFindSingleOwnerWithPet()" classname="org.springframework.samples.petclinic.service.ClinicServiceTests" time="0.03"/>
  <testcase name="shouldUpdatePetName()" classname="org.springframework.samples.petclinic.service.ClinicServiceTests" time="0.043"/>
  <testcase name="shouldFindAllPetTypes()" classname="org.springframework.samples.petclinic.service.ClinicServiceTests" time="0.014"/>
  <system-out><![CDATA[2023-02-16T13:35:37.566Z  INFO 15740 --- [    Test worker] t.c.s.AnnotationConfigContextLoaderUtils : Could not detect default configuration classes for test class [org.springframework.samples.petclinic.service.ClinicServiceTests]: ClinicServiceTests does not declare any static, non-private, non-final, nested classes annotated with @Configuration.
2023-02-16T13:35:37.585Z  INFO 15740 --- [    Test worker] .b.t.c.SpringBootTestContextBootstrapper : Found @SpringBootConfiguration org.springframework.samples.petclinic.PetClinicApplication for test class org.springframework.samples.petclinic.service.ClinicServiceTests


              |\      _,,,--,,_
             /,`.-'`'   ._  \-;;,_
  _______ __|,4-  ) )_   .;.(__`'-'__     ___ __    _ ___ _______
 |       | '---''(_/._)-'(_\_)   |   |   |   |  |  | |   |       |
 |    _  |    ___|_     _|       |   |   |   |   |_| |   |       | __ _ _
 |   |_| |   |___  |   | |       |   |   |   |       |   |       | \ \ \ \
 |    ___|    ___| |   | |      _|   |___|   |  _    |   |      _|  \ \ \ \
 |   |   |   |___  |   | |     |_|       |   | | |   |   |     |_    ) ) ) )
 |___|   |_______| |___| |_______|_______|___|_|  |__|___|_______|  / / / /
 ==================================================================/_/_/_/

:: Built with Spring Boot :: 3.0.1


2023-02-16T13:35:37.652Z  INFO 15740 --- [    Test worker] o.s.s.p.service.ClinicServiceTests       : Starting ClinicServiceTests using Java 17.0.5 with PID 15740 (started by root in /root/java-app/spring-petclinic)
2023-02-16T13:35:37.652Z  INFO 15740 --- [    Test worker] o.s.s.p.service.ClinicServiceTests       : No active profile set, falling back to 1 default profile: "default"
2023-02-16T13:35:37.786Z  INFO 15740 --- [    Test worker] .s.d.r.c.RepositoryConfigurationDelegate : Bootstrapping Spring Data JPA repositories in DEFAULT mode.
2023-02-16T13:35:37.808Z  INFO 15740 --- [    Test worker] .s.d.r.c.RepositoryConfigurationDelegate : Finished Spring Data repository scanning in 16 ms. Found 2 JPA repository interfaces.
2023-02-16T13:35:37.914Z  INFO 15740 --- [    Test worker] com.zaxxer.hikari.HikariDataSource       : HikariPool-2 - Starting...
2023-02-16T13:35:37.927Z  INFO 15740 --- [    Test worker] com.zaxxer.hikari.pool.HikariPool        : HikariPool-2 - Added connection conn10: url=jdbc:h2:mem:87f09178-4288-4da1-9681-63887a71f3a1 user=SA
2023-02-16T13:35:37.928Z  INFO 15740 --- [    Test worker] com.zaxxer.hikari.HikariDataSource       : HikariPool-2 - Start completed.
2023-02-16T13:35:38.055Z  INFO 15740 --- [    Test worker] o.hibernate.jpa.internal.util.LogHelper  : HHH000204: Processing PersistenceUnitInfo [name: default]
2023-02-16T13:35:38.062Z  WARN 15740 --- [    Test worker] org.hibernate.orm.deprecation            : HHH90000021: Encountered deprecated setting [javax.persistence.sharedCache.mode], use [jakarta.persistence.sharedCache.mode] instead
2023-02-16T13:35:38.096Z  INFO 15740 --- [    Test worker] SQL dialect                              : HHH000400: Using dialect: org.hibernate.dialect.H2Dialect
2023-02-16T13:35:38.404Z  INFO 15740 --- [    Test worker] o.h.e.t.j.p.i.JtaPlatformInitiator       : HHH000490: Using JtaPlatform implementation: [org.hibernate.engine.transaction.jta.platform.internal.NoJtaPlatform]
2023-02-16T13:35:38.405Z  INFO 15740 --- [    Test worker] j.LocalContainerEntityManagerFactoryBean : Initialized JPA EntityManagerFactory for persistence unit 'default'
2023-02-16T13:35:38.550Z  INFO 15740 --- [    Test worker] o.s.s.p.service.ClinicServiceTests       : Started ClinicServiceTests in 0.958 seconds (process running for 23.557)
Hibernate: select v1_0.id,v1_0.first_name,v1_0.last_name from vets v1_0
Hibernate: select s1_0.vet_id,s1_1.id,s1_1.name from vet_specialties s1_0 join specialties s1_1 on s1_1.id=s1_0.specialty_id where s1_0.vet_id=?
Hibernate: select s1_0.vet_id,s1_1.id,s1_1.name from vet_specialties s1_0 join specialties s1_1 on s1_1.id=s1_0.specialty_id where s1_0.vet_id=?
Hibernate: select s1_0.vet_id,s1_1.id,s1_1.name from vet_specialties s1_0 join specialties s1_1 on s1_1.id=s1_0.specialty_id where s1_0.vet_id=?
Hibernate: select s1_0.vet_id,s1_1.id,s1_1.name from vet_specialties s1_0 join specialties s1_1 on s1_1.id=s1_0.specialty_id where s1_0.vet_id=?
Hibernate: select s1_0.vet_id,s1_1.id,s1_1.name from vet_specialties s1_0 join specialties s1_1 on s1_1.id=s1_0.specialty_id where s1_0.vet_id=?
Hibernate: select s1_0.vet_id,s1_1.id,s1_1.name from vet_specialties s1_0 join specialties s1_1 on s1_1.id=s1_0.specialty_id where s1_0.vet_id=?
Hibernate: select distinct o1_0.id,o1_0.address,o1_0.city,o1_0.first_name,o1_0.last_name,o1_0.telephone from owners o1_0 left join pets p1_0 on o1_0.id=p1_0.owner_id where o1_0.last_name like ?
Hibernate: select p1_0.owner_id,p1_0.id,p1_0.birth_date,p1_0.name,t1_0.id,t1_0.name,v1_0.pet_id,v1_0.id,v1_0.visit_date,v1_0.description from pets p1_0 left join types t1_0 on t1_0.id=p1_0.type_id left join visits v1_0 on p1_0.id=v1_0.pet_id where p1_0.owner_id=? order by v1_0.visit_date asc,p1_0.name
Hibernate: select p1_0.owner_id,p1_0.id,p1_0.birth_date,p1_0.name,t1_0.id,t1_0.name,v1_0.pet_id,v1_0.id,v1_0.visit_date,v1_0.description from pets p1_0 left join types t1_0 on t1_0.id=p1_0.type_id left join visits v1_0 on p1_0.id=v1_0.pet_id where p1_0.owner_id=? order by v1_0.visit_date asc,p1_0.name
Hibernate: select distinct o1_0.id,o1_0.address,o1_0.city,o1_0.first_name,o1_0.last_name,o1_0.telephone from owners o1_0 left join pets p1_0 on o1_0.id=p1_0.owner_id where o1_0.last_name like ?
Hibernate: select o1_0.id,o1_0.address,o1_0.city,o1_0.first_name,o1_0.last_name,p1_0.owner_id,p1_0.id,p1_0.birth_date,p1_0.name,p1_0.type_id,o1_0.telephone from owners o1_0 left join pets p1_0 on o1_0.id=p1_0.owner_id where o1_0.id=? order by p1_0.name
Hibernate: select p1_0.id,p1_0.name from types p1_0 where p1_0.id=?
Hibernate: select v1_0.pet_id,v1_0.id,v1_0.visit_date,v1_0.description from visits v1_0 where v1_0.pet_id=? order by v1_0.visit_date asc
Hibernate: select v1_0.pet_id,v1_0.id,v1_0.visit_date,v1_0.description from visits v1_0 where v1_0.pet_id=? order by v1_0.visit_date asc
Hibernate: insert into visits (id, visit_date, description) values (default, ?, ?)
Hibernate: select o1_0.id,o1_0.address,o1_0.city,o1_0.first_name,o1_0.last_name,p1_0.owner_id,p1_0.id,p1_0.birth_date,p1_0.name,p1_0.type_id,o1_0.telephone from owners o1_0 left join pets p1_0 on o1_0.id=p1_0.owner_id where o1_0.id=? order by p1_0.name
Hibernate: select o1_0.id,o1_0.address,o1_0.city,o1_0.first_name,o1_0.last_name,p1_0.owner_id,p1_0.id,p1_0.birth_date,p1_0.name,p1_0.type_id,o1_0.telephone from owners o1_0 left join pets p1_0 on o1_0.id=p1_0.owner_id where o1_0.id=? order by p1_0.name
Hibernate: select p1_0.id,p1_0.name from types p1_0 where p1_0.id=?
Hibernate: select v1_0.pet_id,v1_0.id,v1_0.visit_date,v1_0.description from visits v1_0 where v1_0.pet_id=? order by v1_0.visit_date asc
Hibernate: update owners set address=?, city=?, first_name=?, last_name=?, telephone=? where id=?
Hibernate: select o1_0.id,o1_0.address,o1_0.city,o1_0.first_name,o1_0.last_name,p1_0.owner_id,p1_0.id,p1_0.birth_date,p1_0.name,p1_0.type_id,o1_0.telephone from owners o1_0 left join pets p1_0 on o1_0.id=p1_0.owner_id where o1_0.id=? order by p1_0.name
Hibernate: select o1_0.id,o1_0.address,o1_0.city,o1_0.first_name,o1_0.last_name,p1_0.owner_id,p1_0.id,p1_0.birth_date,p1_0.name,p1_0.type_id,o1_0.telephone from owners o1_0 left join pets p1_0 on o1_0.id=p1_0.owner_id where o1_0.id=? order by p1_0.name
Hibernate: select p1_0.id,p1_0.name from types p1_0 where p1_0.id=?
Hibernate: select v1_0.pet_id,v1_0.id,v1_0.visit_date,v1_0.description from visits v1_0 where v1_0.pet_id=? order by v1_0.visit_date asc
Hibernate: select v1_0.pet_id,v1_0.id,v1_0.visit_date,v1_0.description from visits v1_0 where v1_0.pet_id=? order by v1_0.visit_date asc
Hibernate: select o1_0.id,o1_0.address,o1_0.city,o1_0.first_name,o1_0.last_name,p1_0.owner_id,p1_0.id,p1_0.birth_date,p1_0.name,p1_0.type_id,o1_0.telephone from owners o1_0 left join pets p1_0 on o1_0.id=p1_0.owner_id where o1_0.id=? order by p1_0.name
Hibernate: select p1_0.id,p1_0.name from types p1_0 where p1_0.id=?
Hibernate: select v1_0.pet_id,v1_0.id,v1_0.visit_date,v1_0.description from visits v1_0 where v1_0.pet_id=? order by v1_0.visit_date asc
Hibernate: select v1_0.pet_id,v1_0.id,v1_0.visit_date,v1_0.description from visits v1_0 where v1_0.pet_id=? order by v1_0.visit_date asc
Hibernate: select p1_0.id,p1_0.name from types p1_0 order by p1_0.name
Hibernate: insert into pets (id, birth_date, name, type_id) values (default, ?, ?, ?)
Hibernate: update pets set owner_id=? where id=?
Hibernate: select o1_0.id,o1_0.address,o1_0.city,o1_0.first_name,o1_0.last_name,p1_0.owner_id,p1_0.id,p1_0.birth_date,p1_0.name,p1_0.type_id,o1_0.telephone from owners o1_0 left join pets p1_0 on o1_0.id=p1_0.owner_id where o1_0.id=? order by p1_0.name
Hibernate: select distinct o1_0.id,o1_0.address,o1_0.city,o1_0.first_name,o1_0.last_name,o1_0.telephone from owners o1_0 left join pets p1_0 on o1_0.id=p1_0.owner_id where o1_0.last_name like ?
Hibernate: insert into owners (id, address, city, first_name, last_name, telephone) values (default, ?, ?, ?, ?, ?)
Hibernate: select distinct o1_0.id,o1_0.address,o1_0.city,o1_0.first_name,o1_0.last_name,o1_0.telephone from owners o1_0 left join pets p1_0 on o1_0.id=p1_0.owner_id where o1_0.last_name like ?
Hibernate: select o1_0.id,o1_0.address,o1_0.city,o1_0.first_name,o1_0.last_name,p1_0.owner_id,p1_0.id,p1_0.birth_date,p1_0.name,p1_0.type_id,o1_0.telephone from owners o1_0 left join pets p1_0 on o1_0.id=p1_0.owner_id where o1_0.id=? order by p1_0.name
Hibernate: select p1_0.id,p1_0.name from types p1_0 where p1_0.id=?
Hibernate: select v1_0.pet_id,v1_0.id,v1_0.visit_date,v1_0.description from visits v1_0 where v1_0.pet_id=? order by v1_0.visit_date asc
Hibernate: select o1_0.id,o1_0.address,o1_0.city,o1_0.first_name,o1_0.last_name,p1_0.owner_id,p1_0.id,p1_0.birth_date,p1_0.name,p1_0.type_id,o1_0.telephone from owners o1_0 left join pets p1_0 on o1_0.id=p1_0.owner_id where o1_0.id=? order by p1_0.name
Hibernate: select p1_0.id,p1_0.name from types p1_0 where p1_0.id=?
Hibernate: select v1_0.pet_id,v1_0.id,v1_0.visit_date,v1_0.description from visits v1_0 where v1_0.pet_id=? order by v1_0.visit_date asc
Hibernate: select v1_0.pet_id,v1_0.id,v1_0.visit_date,v1_0.description from visits v1_0 where v1_0.pet_id=? order by v1_0.visit_date asc
Hibernate: update pets set birth_date=?, name=?, type_id=? where id=?
Hibernate: select o1_0.id,o1_0.address,o1_0.city,o1_0.first_name,o1_0.last_name,p1_0.owner_id,p1_0.id,p1_0.birth_date,p1_0.name,p1_0.type_id,o1_0.telephone from owners o1_0 left join pets p1_0 on o1_0.id=p1_0.owner_id where o1_0.id=? order by p1_0.name
Hibernate: select p1_0.id,p1_0.name from types p1_0 order by p1_0.name
]]></system-out>
  <system-err><![CDATA[]]></system-err>
</testsuite>
