<?xml version="1.0" encoding="UTF-8"?>
<testsuite name="org.springframework.samples.petclinic.PetClinicIntegrationTests" tests="2" skipped="0" failures="0" errors="0" timestamp="2023-02-16T13:35:31" hostname="ip-172-31-31-187" time="2.184">
  <properties/>
  <testcase name="testFindAll()" classname="org.springframework.samples.petclinic.PetClinicIntegrationTests" time="0.67"/>
  <testcase name="testOwnerDetails()" classname="org.springframework.samples.petclinic.PetClinicIntegrationTests" time="1.508"/>
  <system-out><![CDATA[13:35:17.720 [Test worker] DEBUG org.springframework.boot.test.context.SpringBootTestContextBootstrapper - Neither @ContextConfiguration nor @ContextHierarchy found for test class [PetClinicIntegrationTests]: using SpringBootContextLoader
13:35:17.742 [Test worker] DEBUG org.springframework.test.context.support.AbstractContextLoader - Could not detect default resource locations for test class [org.springframework.samples.petclinic.PetClinicIntegrationTests]: no resource found for suffixes {-context.xml, Context.groovy}.
13:35:17.744 [Test worker] INFO org.springframework.test.context.support.AnnotationConfigContextLoaderUtils - Could not detect default configuration classes for test class [org.springframework.samples.petclinic.PetClinicIntegrationTests]: PetClinicIntegrationTests does not declare any static, non-private, non-final, nested classes annotated with @Configuration.
13:35:17.813 [Test worker] DEBUG org.springframework.boot.test.context.SpringBootTestContextBootstrapper - Using ContextCustomizers for test class [PetClinicIntegrationTests]: [DisableObservabilityContextCustomizer, PropertyMappingContextCustomizer, Customizer, ExcludeFilterContextCustomizer, DuplicateJsonObjectContextCustomizer, MockitoContextCustomizer, TestRestTemplateContextCustomizer]
13:35:17.986 [Test worker] DEBUG org.springframework.context.annotation.ClassPathScanningCandidateComponentProvider - Identified candidate component class: file [/root/java-app/spring-petclinic/build/classes/java/main/org/springframework/samples/petclinic/PetClinicApplication.class]
13:35:17.994 [Test worker] INFO org.springframework.boot.test.context.SpringBootTestContextBootstrapper - Found @SpringBootConfiguration org.springframework.samples.petclinic.PetClinicApplication for test class org.springframework.samples.petclinic.PetClinicIntegrationTests
13:35:18.229 [Test worker] DEBUG org.springframework.boot.test.context.SpringBootTestContextBootstrapper - Using TestExecutionListeners for test class [PetClinicIntegrationTests]: [ServletTestExecutionListener, DirtiesContextBeforeModesTestExecutionListener, ApplicationEventsTestExecutionListener, MockitoTestExecutionListener, DependencyInjectionTestExecutionListener, DirtiesContextTestExecutionListener, TransactionalTestExecutionListener, SqlScriptsTestExecutionListener, EventPublishingTestExecutionListener, RestDocsTestExecutionListener, MockRestServiceServerResetTestExecutionListener, MockMvcPrintOnlyOnFailureTestExecutionListener, WebDriverTestExecutionListener, MockWebServiceServerTestExecutionListener, ResetMocksTestExecutionListener]
13:35:18.230 [Test worker] DEBUG org.springframework.test.context.support.AbstractDirtiesContextTestExecutionListener - Before test class: class [PetClinicIntegrationTests], class annotated with @DirtiesContext [false] with mode [null]
13:35:18.261 [Test worker] DEBUG org.springframework.test.context.support.DependencyInjectionTestExecutionListener - Performing dependency injection for test class org.springframework.samples.petclinic.PetClinicIntegrationTests


              |\      _,,,--,,_
             /,`.-'`'   ._  \-;;,_
  _______ __|,4-  ) )_   .;.(__`'-'__     ___ __    _ ___ _______
 |       | '---''(_/._)-'(_\_)   |   |   |   |  |  | |   |       |
 |    _  |    ___|_     _|       |   |   |   |   |_| |   |       | __ _ _
 |   |_| |   |___  |   | |       |   |   |   |       |   |       | \ \ \ \
 |    ___|    ___| |   | |      _|   |___|   |  _    |   |      _|  \ \ \ \
 |   |   |   |___  |   | |     |_|       |   | | |   |   |     |_    ) ) ) )
 |___|   |_______| |___| |_______|_______|___|_|  |__|___|_______|  / / / /
 ==================================================================/_/_/_/

:: Built with Spring Boot :: 3.0.1


2023-02-16T13:35:18.967Z  INFO 15740 --- [    Test worker] o.s.s.p.PetClinicIntegrationTests        : Starting PetClinicIntegrationTests using Java 17.0.5 with PID 15740 (started by root in /root/java-app/spring-petclinic)
2023-02-16T13:35:18.970Z  INFO 15740 --- [    Test worker] o.s.s.p.PetClinicIntegrationTests        : No active profile set, falling back to 1 default profile: "default"
2023-02-16T13:35:21.181Z  INFO 15740 --- [    Test worker] .s.d.r.c.RepositoryConfigurationDelegate : Bootstrapping Spring Data JPA repositories in DEFAULT mode.
2023-02-16T13:35:21.325Z  INFO 15740 --- [    Test worker] .s.d.r.c.RepositoryConfigurationDelegate : Finished Spring Data repository scanning in 129 ms. Found 2 JPA repository interfaces.
2023-02-16T13:35:22.879Z  INFO 15740 --- [    Test worker] o.s.b.w.embedded.tomcat.TomcatWebServer  : Tomcat initialized with port(s): 0 (http)
2023-02-16T13:35:22.899Z  INFO 15740 --- [    Test worker] o.apache.catalina.core.StandardService   : Starting service [Tomcat]
2023-02-16T13:35:22.903Z  INFO 15740 --- [    Test worker] o.apache.catalina.core.StandardEngine    : Starting Servlet engine: [Apache Tomcat/10.1.4]
2023-02-16T13:35:23.183Z  INFO 15740 --- [    Test worker] o.a.c.c.C.[Tomcat].[localhost].[/]       : Initializing Spring embedded WebApplicationContext
2023-02-16T13:35:23.191Z  INFO 15740 --- [    Test worker] w.s.c.ServletWebServerApplicationContext : Root WebApplicationContext: initialization completed in 4187 ms
2023-02-16T13:35:24.147Z  INFO 15740 --- [    Test worker] com.zaxxer.hikari.HikariDataSource       : HikariPool-1 - Starting...
2023-02-16T13:35:24.680Z  INFO 15740 --- [    Test worker] com.zaxxer.hikari.pool.HikariPool        : HikariPool-1 - Added connection conn0: url=jdbc:h2:mem:db95e95f-f784-4fa7-b533-f14fdf3abae6 user=SA
2023-02-16T13:35:24.682Z  INFO 15740 --- [    Test worker] com.zaxxer.hikari.HikariDataSource       : HikariPool-1 - Start completed.
2023-02-16T13:35:25.096Z  INFO 15740 --- [    Test worker] o.hibernate.jpa.internal.util.LogHelper  : HHH000204: Processing PersistenceUnitInfo [name: default]
2023-02-16T13:35:25.199Z  INFO 15740 --- [    Test worker] org.hibernate.Version                    : HHH000412: Hibernate ORM core version 6.1.6.Final
2023-02-16T13:35:25.540Z  WARN 15740 --- [    Test worker] org.hibernate.orm.deprecation            : HHH90000021: Encountered deprecated setting [javax.persistence.sharedCache.mode], use [jakarta.persistence.sharedCache.mode] instead
2023-02-16T13:35:25.842Z  INFO 15740 --- [    Test worker] SQL dialect                              : HHH000400: Using dialect: org.hibernate.dialect.H2Dialect
2023-02-16T13:35:28.233Z  INFO 15740 --- [    Test worker] o.h.e.t.j.p.i.JtaPlatformInitiator       : HHH000490: Using JtaPlatform implementation: [org.hibernate.engine.transaction.jta.platform.internal.NoJtaPlatform]
2023-02-16T13:35:28.256Z  INFO 15740 --- [    Test worker] j.LocalContainerEntityManagerFactoryBean : Initialized JPA EntityManagerFactory for persistence unit 'default'
2023-02-16T13:35:31.267Z  INFO 15740 --- [    Test worker] o.s.b.a.e.web.EndpointLinksResolver      : Exposing 13 endpoint(s) beneath base path '/actuator'
2023-02-16T13:35:31.523Z  INFO 15740 --- [    Test worker] o.s.b.w.embedded.tomcat.TomcatWebServer  : Tomcat started on port(s): 36297 (http) with context path ''
2023-02-16T13:35:31.562Z  INFO 15740 --- [    Test worker] o.s.s.p.PetClinicIntegrationTests        : Started PetClinicIntegrationTests in 13.244 seconds (process running for 16.569)
2023-02-16T13:35:32.638Z  INFO 15740 --- [o-auto-1-exec-1] o.a.c.c.C.[Tomcat].[localhost].[/]       : Initializing Spring DispatcherServlet 'dispatcherServlet'
2023-02-16T13:35:32.643Z  INFO 15740 --- [o-auto-1-exec-1] o.s.web.servlet.DispatcherServlet        : Initializing Servlet 'dispatcherServlet'
2023-02-16T13:35:32.645Z  INFO 15740 --- [o-auto-1-exec-1] o.s.web.servlet.DispatcherServlet        : Completed initialization in 2 ms
]]></system-out>
  <system-err><![CDATA[]]></system-err>
</testsuite>
